Using pre-set license
Built from '2020.3/staging' branch; Version is '2020.3.21f1 (a38c86f6690f) revision 10718342'; Using compiler version '192528614'; Build Type 'Release'
OS: 'Windows 10 Home; OS build 22000.318; Version 2009; 64bit' Language: 'fr' Physical Memory: 8072 MB
BatchMode: 1, IsHumanControllingUs: 0, StartBugReporterOnCrash: 0, Is64bit: 1, IsPro: 0

COMMAND LINE ARGUMENTS:
D:\Programme\unity_install\2020.3.21f1\Editor\Unity.exe
-adb2
-batchMode
-noUpm
-name
AssetImportWorker2
-projectPath
D:/Documents/GitHub/neurosity/Unity_Viewer/TECH_ISEN_HAND
-logFile
Logs/AssetImportWorker2.log
-srvPort
57178
Successfully changed project path to: D:/Documents/GitHub/neurosity/Unity_Viewer/TECH_ISEN_HAND
D:/Documents/GitHub/neurosity/Unity_Viewer/TECH_ISEN_HAND
Using Asset Import Pipeline V2.
Refreshing native plugins compatible for Editor in 46.27 ms, found 2 plugins.
Preloading 0 native plugins for Editor in 0.00 ms.
Initialize engine version: 2020.3.21f1 (a38c86f6690f)
[Subsystems] Discovering subsystems at path D:/Programme/unity_install/2020.3.21f1/Editor/Data/Resources/UnitySubsystems
[Subsystems] Discovering subsystems at path D:/Documents/GitHub/neurosity/Unity_Viewer/TECH_ISEN_HAND/Assets
GfxDevice: creating device client; threaded=0
Direct3D:
    Version:  Direct3D 11.0 [level 11.1]
    Renderer: NVIDIA GeForce GTX 1050 (ID=0x1c91)
    Vendor:   
    VRAM:     2996 MB
    Driver:   30.0.14.9676
Initialize mono
Mono path[0] = 'D:/Programme/unity_install/2020.3.21f1/Editor/Data/Managed'
Mono path[1] = 'D:/Programme/unity_install/2020.3.21f1/Editor/Data/MonoBleedingEdge/lib/mono/unityjit'
Mono config path = 'D:/Programme/unity_install/2020.3.21f1/Editor/Data/MonoBleedingEdge/etc'
Using monoOptions --debugger-agent=transport=dt_socket,embedding=1,server=y,suspend=n,address=127.0.0.1:56868
Begin MonoManager ReloadAssembly
Registering precompiled unity dll's ...
Register platform support module: D:/Programme/unity_install/2020.3.21f1/Editor/Data/PlaybackEngines/WindowsStandaloneSupport/UnityEditor.WindowsStandalone.Extensions.dll
Registered in 0.003384 seconds.
Native extension for WindowsStandalone target not found
Refreshing native plugins compatible for Editor in 40.66 ms, found 2 plugins.
Preloading 0 native plugins for Editor in 0.00 ms.
Mono: successfully reloaded assembly
- Completed reload, in  1.263 seconds
Domain Reload Profiling:
	ReloadAssembly (1263ms)
		BeginReloadAssembly (69ms)
			ExecutionOrderSort (0ms)
			DisableScriptedObjects (0ms)
			BackupInstance (0ms)
			ReleaseScriptingObjects (0ms)
			CreateAndSetChildDomain (1ms)
		EndReloadAssembly (435ms)
			LoadAssemblies (65ms)
			RebuildTransferFunctionScriptingTraits (0ms)
			SetupTypeCache (147ms)
			ReleaseScriptCaches (0ms)
			RebuildScriptCaches (29ms)
			SetupLoadedEditorAssemblies (164ms)
				LogAssemblyErrors (0ms)
				InitializePlatformSupportModulesInManaged (4ms)
				SetLoadedEditorAssemblies (0ms)
				RefreshPlugins (41ms)
				BeforeProcessingInitializeOnLoad (17ms)
				ProcessInitializeOnLoadAttributes (75ms)
				ProcessInitializeOnLoadMethodAttributes (26ms)
				AfterProcessingInitializeOnLoad (0ms)
				EditorAssembliesLoaded (0ms)
			ExecutionOrderSort2 (0ms)
			AwakeInstancesAfterBackupRestoration (0ms)
Platform modules already initialized, skipping
Registering precompiled user dll's ...
Registered in 0.009628 seconds.
Begin MonoManager ReloadAssembly
Native extension for WindowsStandalone target not found
Refreshing native plugins compatible for Editor in 40.09 ms, found 2 plugins.
Preloading 0 native plugins for Editor in 0.00 ms.
DisplayProgressbar: Restoring NuGet Packages
Mono: successfully reloaded assembly
- Completed reload, in  4.241 seconds
Domain Reload Profiling:
	ReloadAssembly (4242ms)
		BeginReloadAssembly (153ms)
			ExecutionOrderSort (0ms)
			DisableScriptedObjects (4ms)
			BackupInstance (0ms)
			ReleaseScriptingObjects (0ms)
			CreateAndSetChildDomain (17ms)
		EndReloadAssembly (4020ms)
			LoadAssemblies (1826ms)
			RebuildTransferFunctionScriptingTraits (0ms)
			SetupTypeCache (299ms)
			ReleaseScriptCaches (0ms)
			RebuildScriptCaches (42ms)
			SetupLoadedEditorAssemblies (1516ms)
				LogAssemblyErrors (0ms)
				InitializePlatformSupportModulesInManaged (4ms)
				SetLoadedEditorAssemblies (0ms)
				RefreshPlugins (40ms)
				BeforeProcessingInitializeOnLoad (90ms)
				ProcessInitializeOnLoadAttributes (840ms)
				ProcessInitializeOnLoadMethodAttributes (530ms)
				AfterProcessingInitializeOnLoad (12ms)
				EditorAssembliesLoaded (0ms)
			ExecutionOrderSort2 (0ms)
			AwakeInstancesAfterBackupRestoration (6ms)
Platform modules already initialized, skipping
========================================================================
Worker process is ready to serve import requests
Launched and connected shader compiler UnityShaderCompiler.exe after 0.18 seconds
Refreshing native plugins compatible for Editor in 0.95 ms, found 2 plugins.
Preloading 0 native plugins for Editor in 0.00 ms.
Unloading 2295 Unused Serialized files (Serialized files now loaded: 0)
System memory in use before: 111.2 MB.
System memory in use after: 111.4 MB.

Unloading 23 unused Assets to reduce memory usage. Loaded Objects now: 2754.
Total: 3.451000 ms (FindLiveObjects: 0.228600 ms CreateObjectMapping: 0.083400 ms MarkObjects: 3.117500 ms  DeleteObjects: 0.020700 ms)

AssetImportParameters requested are different than current active one (requested -> active):
  custom:framework-win-MediaFoundation: 216162199b28c13a410421893ffa2e32 -> 
  custom:video-decoder-ogg-theora: a1e56fd34408186e4bbccfd4996cb3dc -> 
  custom:container-muxer-webm: aa71ff27fc2769a1b78a27578f13a17b -> 
  custom:container-demuxer-webm: 4f35f7cbe854078d1ac9338744f61a02 -> 
  custom:container-demuxer-ogg: 62fdf1f143b41e24485cea50d1cbac27 -> 
  custom:video-encoder-webm-vp8: eb34c28f22e8b96e1ab97ce403110664 -> 
  custom:video-codec-MediaFoundation-h265: 746d11721c4dcdbdad8f713fa42b33f4 -> 
  custom:video-decoder-webm-vp8: 9c59270c3fd7afecdb556c50c9e8de78 -> 
  custom:audio-decoder-ogg-vorbis: bf7c407c2cedff20999df2af8eb42d56 -> 
  custom:audio-encoder-webm-vorbis: bf7c407c2cedff20999df2af8eb42d56 -> 
========================================================================
Received Import Request.
  path: Assets/FA-18F.fbx
  artifactKey: Guid(99a50b2a2e9d368498c8e36b7177dd81) Importer(815301076,1909f56bfc062723c751e8b465ee728b)
Start importing Assets/FA-18F.fbx using Guid(99a50b2a2e9d368498c8e36b7177dd81) Importer(815301076,1909f56bfc062723c751e8b465ee728b)  -> (artifact id: 'dfd61774176bcb9fd086c886e213448e') in 1.741798 seconds 
  Import took 1.746036 seconds .

========================================================================
Received Import Request.
  Time since last request: 0.000262 seconds.
  path: Assets/Paint.mat
  artifactKey: Guid(ced6957a3858c3744984f5fa37034d37) Importer(815301076,1909f56bfc062723c751e8b465ee728b)
Start importing Assets/Paint.mat using Guid(ced6957a3858c3744984f5fa37034d37) Importer(815301076,1909f56bfc062723c751e8b465ee728b)  -> (artifact id: '762f1015ba6e15b00aa778e2686ede2c') in 0.388461 seconds 
  Import took 0.391615 seconds .

========================================================================
Received Import Request.
  Time since last request: 0.000277 seconds.
  path: Assets/Dirty.jpg
  artifactKey: Guid(7b78c3a7d8cae2d4e9809d916bdf912a) Importer(815301076,1909f56bfc062723c751e8b465ee728b)
Start importing Assets/Dirty.jpg using Guid(7b78c3a7d8cae2d4e9809d916bdf912a) Importer(815301076,1909f56bfc062723c751e8b465ee728b)  -> (artifact id: 'b5c48015920793fcc026e8d6c848e8c8') in 0.103719 seconds 
  Import took 0.107397 seconds .

========================================================================
Received Import Request.
  Time since last request: 0.000281 seconds.
  path: Assets/New Terrain.asset
  artifactKey: Guid(e6ad103ac3bdab8449eb93b78e1c5e8a) Importer(815301076,1909f56bfc062723c751e8b465ee728b)
Start importing Assets/New Terrain.asset using Guid(e6ad103ac3bdab8449eb93b78e1c5e8a) Importer(815301076,1909f56bfc062723c751e8b465ee728b)  -> (artifact id: '0b7e1831b6aa83b7933eec57e91012c3') in 0.038200 seconds 
  Import took 0.041779 seconds .

========================================================================
Received Import Request.
  Time since last request: 0.000685 seconds.
  path: Assets/Diffuse.jpg
  artifactKey: Guid(2ef230cc33b721942afb3404e2a2949b) Importer(815301076,1909f56bfc062723c751e8b465ee728b)
Start importing Assets/Diffuse.jpg using Guid(2ef230cc33b721942afb3404e2a2949b) Importer(815301076,1909f56bfc062723c751e8b465ee728b)  -> (artifact id: '7b0ab914d7ba000d5518cb9a248679ec') in 0.018637 seconds 
  Import took 0.023577 seconds .

========================================================================
Received Import Request.
  Time since last request: 0.000189 seconds.
  path: Assets/Emissive.jpg
  artifactKey: Guid(6a86a59c58f1c30429a7006cea64ad15) Importer(815301076,1909f56bfc062723c751e8b465ee728b)
Start importing Assets/Emissive.jpg using Guid(6a86a59c58f1c30429a7006cea64ad15) Importer(815301076,1909f56bfc062723c751e8b465ee728b)  -> (artifact id: '658ba7f6fd24c09121e80c2fed8baf61') in 0.019890 seconds 
  Import took 0.023652 seconds .

========================================================================
Received Import Request.
  Time since last request: 0.000221 seconds.
  path: Assets/New Terrain 1.asset
  artifactKey: Guid(6b5fceeca936aa5479bab0ef81a0ce27) Importer(815301076,1909f56bfc062723c751e8b465ee728b)
Start importing Assets/New Terrain 1.asset using Guid(6b5fceeca936aa5479bab0ef81a0ce27) Importer(815301076,1909f56bfc062723c751e8b465ee728b)  -> (artifact id: '2da315de770f1f951e0cbf201f559c97') in 0.025495 seconds 
  Import took 0.031439 seconds .

========================================================================
Received Import Request.
  Time since last request: 0.000227 seconds.
  path: Assets/Glass.mat
  artifactKey: Guid(63c5d49542a42c140910f027af9fabcc) Importer(815301076,1909f56bfc062723c751e8b465ee728b)
Start importing Assets/Glass.mat using Guid(63c5d49542a42c140910f027af9fabcc) Importer(815301076,1909f56bfc062723c751e8b465ee728b)  -> (artifact id: '7533b0d98824aa608c4fdc2964d296e1') in 0.024280 seconds 
  Import took 0.028788 seconds .

========================================================================
Received Import Request.
  Time since last request: 0.000987 seconds.
  path: Assets/Bumpmap.jpg
  artifactKey: Guid(b091eb8c3063daa46b2c5d25e4b95870) Importer(815301076,1909f56bfc062723c751e8b465ee728b)
Start importing Assets/Bumpmap.jpg using Guid(b091eb8c3063daa46b2c5d25e4b95870) Importer(815301076,1909f56bfc062723c751e8b465ee728b)  -> (artifact id: '2173c4d65997e5c23c2eaba0568b7567') in 0.019817 seconds 
  Import took 0.025600 seconds .

========================================================================
Received Import Request.
  Time since last request: 0.000573 seconds.
  path: Assets/bouncy.physicMaterial
  artifactKey: Guid(7851d9ee5fd278d4a82fb18dc8a8f2f3) Importer(815301076,1909f56bfc062723c751e8b465ee728b)
Start importing Assets/bouncy.physicMaterial using Guid(7851d9ee5fd278d4a82fb18dc8a8f2f3) Importer(815301076,1909f56bfc062723c751e8b465ee728b)  -> (artifact id: 'c2a4c5bb45171ae4ddc3329c0661c2b7') in 0.013227 seconds 
  Import took 0.017815 seconds .

========================================================================
Received Import Request.
  Time since last request: 0.000203 seconds.
  path: Assets/Specular.jpg
  artifactKey: Guid(325925bd625b6044b9d3b3d98a8036ac) Importer(815301076,1909f56bfc062723c751e8b465ee728b)
Start importing Assets/Specular.jpg using Guid(325925bd625b6044b9d3b3d98a8036ac) Importer(815301076,1909f56bfc062723c751e8b465ee728b)  -> (artifact id: 'fdb8295a745356ff630c3706306316ba') in 0.020310 seconds 
  Import took 0.025056 seconds .

========================================================================
Received Import Request.
  Time since last request: 292.064929 seconds.
  path: Assets/Assets/hand.controller
  artifactKey: Guid(4422d2d3aae58df40af7b486d730b689) Importer(815301076,1909f56bfc062723c751e8b465ee728b)
Start importing Assets/Assets/hand.controller using Guid(4422d2d3aae58df40af7b486d730b689) Importer(815301076,1909f56bfc062723c751e8b465ee728b)  -> (artifact id: '8bbfce2b54dbe0c39372220072d5913a') in 0.011459 seconds 
  Import took 0.015369 seconds .

========================================================================
Received Import Request.
  Time since last request: 29.894964 seconds.
  path: Assets/Assets/1580804388630.jpg
  artifactKey: Guid(82b2e0851a98e4e4796bc6b5faffb40e) Importer(815301076,1909f56bfc062723c751e8b465ee728b)
Start importing Assets/Assets/1580804388630.jpg using Guid(82b2e0851a98e4e4796bc6b5faffb40e) Importer(815301076,1909f56bfc062723c751e8b465ee728b)  -> (artifact id: '3d178f80b2313edb75bea65fb1808949') in 0.053262 seconds 
  Import took 0.057337 seconds .

========================================================================
Received Import Request.
  Time since last request: 0.000283 seconds.
  path: Assets/Assets/Aiamant.mat
  artifactKey: Guid(f34ecd718eb129a40a5a8f1e8f47db56) Importer(815301076,1909f56bfc062723c751e8b465ee728b)
Start importing Assets/Assets/Aiamant.mat using Guid(f34ecd718eb129a40a5a8f1e8f47db56) Importer(815301076,1909f56bfc062723c751e8b465ee728b)  -> (artifact id: '3ca0760b04bfa80142b9842a212c03c0') in 0.017803 seconds 
  Import took 0.021967 seconds .

========================================================================
Received Import Request.
  Time since last request: 0.000221 seconds.
  path: Assets/Assets/hop.mat
  artifactKey: Guid(5a8a3c46d6f3e0b41856ee1f75ed124a) Importer(815301076,1909f56bfc062723c751e8b465ee728b)
Start importing Assets/Assets/hop.mat using Guid(5a8a3c46d6f3e0b41856ee1f75ed124a) Importer(815301076,1909f56bfc062723c751e8b465ee728b)  -> (artifact id: '852e04c2dd12a86a12ecfc5b0a751ffc') in 0.030525 seconds 
  Import took 0.035290 seconds .

========================================================================
Received Import Request.
  Time since last request: 0.000300 seconds.
  path: Assets/Assets/Ground.mat
  artifactKey: Guid(00bb0d3032c2fcb4fbda4ea0d7544c47) Importer(815301076,1909f56bfc062723c751e8b465ee728b)
Start importing Assets/Assets/Ground.mat using Guid(00bb0d3032c2fcb4fbda4ea0d7544c47) Importer(815301076,1909f56bfc062723c751e8b465ee728b)  -> (artifact id: '53730efe57863941be56fa81724f7834') in 0.023935 seconds 
  Import took 0.028803 seconds .

========================================================================
Received Import Request.
  Time since last request: 0.000192 seconds.
  path: Assets/Assets/Material.004.mat
  artifactKey: Guid(83de39fa1f0fd6d48a8247e9daf9ed08) Importer(815301076,1909f56bfc062723c751e8b465ee728b)
Start importing Assets/Assets/Material.004.mat using Guid(83de39fa1f0fd6d48a8247e9daf9ed08) Importer(815301076,1909f56bfc062723c751e8b465ee728b)  -> (artifact id: 'e613fd2dca318f71432029e833bff1fc') in 0.051399 seconds 
  Import took 0.055364 seconds .

========================================================================
Received Import Request.
  Time since last request: 0.000224 seconds.
  path: Assets/Assets/Rigged Hand.fbx
  artifactKey: Guid(beb130306e2f95046ad275f20887b404) Importer(815301076,1909f56bfc062723c751e8b465ee728b)
Start importing Assets/Assets/Rigged Hand.fbx using Guid(beb130306e2f95046ad275f20887b404) Importer(815301076,1909f56bfc062723c751e8b465ee728b)  -> (artifact id: '0083a5d232fec1c533cade5a6eaa1289') in 0.092844 seconds 
  Import took 0.099436 seconds .

========================================================================
Received Import Request.
  Time since last request: 1.982720 seconds.
  path: Assets/Assets/hand.anim
  artifactKey: Guid(217c9d1443ac67f468f86d312104a798) Importer(815301076,1909f56bfc062723c751e8b465ee728b)
Start importing Assets/Assets/hand.anim using Guid(217c9d1443ac67f468f86d312104a798) Importer(815301076,1909f56bfc062723c751e8b465ee728b)  -> (artifact id: '8c55eeb016c4628543805301378b4ef3') in 0.005826 seconds 
  Import took 0.009372 seconds .

========================================================================
Received Prepare
Registering precompiled user dll's ...
Registered in 0.008722 seconds.
Begin MonoManager ReloadAssembly
Native extension for WindowsStandalone target not found
Refreshing native plugins compatible for Editor in 0.48 ms, found 2 plugins.
Preloading 0 native plugins for Editor in 0.00 ms.
Mono: successfully reloaded assembly
- Completed reload, in  1.335 seconds
Domain Reload Profiling:
	ReloadAssembly (1336ms)
		BeginReloadAssembly (130ms)
			ExecutionOrderSort (0ms)
			DisableScriptedObjects (4ms)
			BackupInstance (0ms)
			ReleaseScriptingObjects (0ms)
			CreateAndSetChildDomain (34ms)
		EndReloadAssembly (1138ms)
			LoadAssemblies (107ms)
			RebuildTransferFunctionScriptingTraits (0ms)
			SetupTypeCache (296ms)
			ReleaseScriptCaches (1ms)
			RebuildScriptCaches (39ms)
			SetupLoadedEditorAssemblies (607ms)
				LogAssemblyErrors (0ms)
				InitializePlatformSupportModulesInManaged (5ms)
				SetLoadedEditorAssemblies (0ms)
				RefreshPlugins (1ms)
				BeforeProcessingInitializeOnLoad (91ms)
				ProcessInitializeOnLoadAttributes (490ms)
				ProcessInitializeOnLoadMethodAttributes (8ms)
				AfterProcessingInitializeOnLoad (12ms)
				EditorAssembliesLoaded (0ms)
			ExecutionOrderSort2 (0ms)
			AwakeInstancesAfterBackupRestoration (7ms)
Platform modules already initialized, skipping
Refreshing native plugins compatible for Editor in 0.52 ms, found 2 plugins.
Preloading 0 native plugins for Editor in 0.00 ms.
Unloading 2283 Unused Serialized files (Serialized files now loaded: 0)
System memory in use before: 127.7 MB.
System memory in use after: 128.0 MB.

Unloading 19 unused Assets to reduce memory usage. Loaded Objects now: 2802.
Total: 3.231700 ms (FindLiveObjects: 0.261600 ms CreateObjectMapping: 0.088900 ms MarkObjects: 2.863600 ms  DeleteObjects: 0.016400 ms)

AssetImportParameters requested are different than current active one (requested -> active):
  custom:framework-win-MediaFoundation: 216162199b28c13a410421893ffa2e32 -> 
  custom:video-decoder-ogg-theora: a1e56fd34408186e4bbccfd4996cb3dc -> 
  custom:container-muxer-webm: aa71ff27fc2769a1b78a27578f13a17b -> 
  custom:container-demuxer-webm: 4f35f7cbe854078d1ac9338744f61a02 -> 
  custom:container-demuxer-ogg: 62fdf1f143b41e24485cea50d1cbac27 -> 
  custom:video-encoder-webm-vp8: eb34c28f22e8b96e1ab97ce403110664 -> 
  custom:video-codec-MediaFoundation-h265: 746d11721c4dcdbdad8f713fa42b33f4 -> 
  custom:video-decoder-webm-vp8: 9c59270c3fd7afecdb556c50c9e8de78 -> 
  custom:audio-decoder-ogg-vorbis: bf7c407c2cedff20999df2af8eb42d56 -> 
  custom:audio-encoder-webm-vorbis: bf7c407c2cedff20999df2af8eb42d56 -> 
========================================================================
Received Import Request.
  Time since last request: 6.962543 seconds.
  path: Assets/Assets/hand_open.anim
  artifactKey: Guid(217c9d1443ac67f468f86d312104a798) Importer(815301076,1909f56bfc062723c751e8b465ee728b)
Start importing Assets/Assets/hand_open.anim using Guid(217c9d1443ac67f468f86d312104a798) Importer(815301076,1909f56bfc062723c751e8b465ee728b)  -> (artifact id: 'a59d564433a7a582f2bf1661073f8840') in 0.016695 seconds 
  Import took 0.020001 seconds .

========================================================================
Received Import Request.
  Time since last request: 13.653878 seconds.
  path: Assets/Assets/hand_close.anim
  artifactKey: Guid(15bd04e2f891a1c489c9bf0afcf0f1c5) Importer(815301076,1909f56bfc062723c751e8b465ee728b)
Start importing Assets/Assets/hand_close.anim using Guid(15bd04e2f891a1c489c9bf0afcf0f1c5) Importer(815301076,1909f56bfc062723c751e8b465ee728b)  -> (artifact id: 'fa7a4c1eec3425894fefebdc2ff80bc8') in 0.008790 seconds 
  Import took 0.014485 seconds .

========================================================================
Received Prepare
Registering precompiled user dll's ...
Registered in 0.009099 seconds.
Begin MonoManager ReloadAssembly
Native extension for WindowsStandalone target not found
Refreshing native plugins compatible for Editor in 0.48 ms, found 2 plugins.
Preloading 0 native plugins for Editor in 0.00 ms.
Mono: successfully reloaded assembly
- Completed reload, in  1.278 seconds
Domain Reload Profiling:
	ReloadAssembly (1278ms)
		BeginReloadAssembly (117ms)
			ExecutionOrderSort (0ms)
			DisableScriptedObjects (4ms)
			BackupInstance (0ms)
			ReleaseScriptingObjects (0ms)
			CreateAndSetChildDomain (32ms)
		EndReloadAssembly (1096ms)
			LoadAssemblies (102ms)
			RebuildTransferFunctionScriptingTraits (0ms)
			SetupTypeCache (286ms)
			ReleaseScriptCaches (1ms)
			RebuildScriptCaches (35ms)
			SetupLoadedEditorAssemblies (588ms)
				LogAssemblyErrors (0ms)
				InitializePlatformSupportModulesInManaged (5ms)
				SetLoadedEditorAssemblies (0ms)
				RefreshPlugins (1ms)
				BeforeProcessingInitializeOnLoad (91ms)
				ProcessInitializeOnLoadAttributes (472ms)
				ProcessInitializeOnLoadMethodAttributes (8ms)
				AfterProcessingInitializeOnLoad (11ms)
				EditorAssembliesLoaded (0ms)
			ExecutionOrderSort2 (0ms)
			AwakeInstancesAfterBackupRestoration (6ms)
Platform modules already initialized, skipping
Refreshing native plugins compatible for Editor in 0.51 ms, found 2 plugins.
Preloading 0 native plugins for Editor in 0.00 ms.
Unloading 2283 Unused Serialized files (Serialized files now loaded: 0)
System memory in use before: 127.8 MB.
System memory in use after: 128.0 MB.

Unloading 19 unused Assets to reduce memory usage. Loaded Objects now: 2804.
Total: 3.455000 ms (FindLiveObjects: 0.248500 ms CreateObjectMapping: 0.090700 ms MarkObjects: 3.096300 ms  DeleteObjects: 0.018500 ms)

AssetImportParameters requested are different than current active one (requested -> active):
  custom:framework-win-MediaFoundation: 216162199b28c13a410421893ffa2e32 -> 
  custom:video-decoder-ogg-theora: a1e56fd34408186e4bbccfd4996cb3dc -> 
  custom:container-muxer-webm: aa71ff27fc2769a1b78a27578f13a17b -> 
  custom:container-demuxer-webm: 4f35f7cbe854078d1ac9338744f61a02 -> 
  custom:container-demuxer-ogg: 62fdf1f143b41e24485cea50d1cbac27 -> 
  custom:video-encoder-webm-vp8: eb34c28f22e8b96e1ab97ce403110664 -> 
  custom:video-codec-MediaFoundation-h265: 746d11721c4dcdbdad8f713fa42b33f4 -> 
  custom:video-decoder-webm-vp8: 9c59270c3fd7afecdb556c50c9e8de78 -> 
  custom:audio-decoder-ogg-vorbis: bf7c407c2cedff20999df2af8eb42d56 -> 
  custom:audio-encoder-webm-vorbis: bf7c407c2cedff20999df2af8eb42d56 -> 
AssetImportWorkerClient::OnTransportError - code=2 error=End of file
