Using pre-set license
Built from '2020.3/staging' branch; Version is '2020.3.8f1 (507919d4fff5) revision 5273881'; Using compiler version '192528614'; Build Type 'Release'
OS: 'Windows 10 Home; OS build 19042.1288; Version 2009; 64bit' Language: 'fr' Physical Memory: 16326 MB
BatchMode: 1, IsHumanControllingUs: 0, StartBugReporterOnCrash: 0, Is64bit: 1, IsPro: 0

 COMMAND LINE ARGUMENTS:
C:\Program Files\Unity\Hub\Editor\2020.3.8f1\Editor\Unity.exe
-adb2
-batchMode
-noUpm
-name
AssetImportWorker0
-projectPath
B:/Documents/github/neurosity/Unity_Viewer/TECH_ISEN_HAND
-logFile
Logs/AssetImportWorker0.log
-srvPort
57176
Successfully changed project path to: B:/Documents/github/neurosity/Unity_Viewer/TECH_ISEN_HAND
B:/Documents/github/neurosity/Unity_Viewer/TECH_ISEN_HAND
Using Asset Import Pipeline V2.
Refreshing native plugins compatible for Editor in 28.66 ms, found 0 plugins.
Preloading 0 native plugins for Editor in 0.00 ms.
Initialize engine version: 2020.3.8f1 (507919d4fff5)
[Subsystems] Discovering subsystems at path C:/Program Files/Unity/Hub/Editor/2020.3.8f1/Editor/Data/Resources/UnitySubsystems
[Subsystems] Discovering subsystems at path B:/Documents/github/neurosity/Unity_Viewer/TECH_ISEN_HAND/Assets
GfxDevice: creating device client; threaded=0
Direct3D:
    Version:  Direct3D 11.0 [level 11.1]
    Renderer: NVIDIA GeForce GTX 1050 Ti (ID=0x1c82)
    Vendor:   
    VRAM:     4018 MB
    Driver:   30.0.14.9613
Initialize mono
Mono path[0] = 'C:/Program Files/Unity/Hub/Editor/2020.3.8f1/Editor/Data/Managed'
Mono path[1] = 'C:/Program Files/Unity/Hub/Editor/2020.3.8f1/Editor/Data/MonoBleedingEdge/lib/mono/unityjit'
Mono config path = 'C:/Program Files/Unity/Hub/Editor/2020.3.8f1/Editor/Data/MonoBleedingEdge/etc'
Using monoOptions --debugger-agent=transport=dt_socket,embedding=1,server=y,suspend=n,address=127.0.0.1:56320
Begin MonoManager ReloadAssembly
Registering precompiled unity dll's ...
Register platform support module: C:/Program Files/Unity/Hub/Editor/2020.3.8f1/Editor/Data/PlaybackEngines/WindowsStandaloneSupport/UnityEditor.WindowsStandalone.Extensions.dll
Registered in 0.001957 seconds.
Native extension for WindowsStandalone target not found
Refreshing native plugins compatible for Editor in 24.21 ms, found 0 plugins.
Preloading 0 native plugins for Editor in 0.00 ms.
Mono: successfully reloaded assembly
- Completed reload, in  1.160 seconds
Platform modules already initialized, skipping
Registering precompiled user dll's ...
Registered in 0.001382 seconds.
Begin MonoManager ReloadAssembly
Error: Could not load signature of Client.Program:CreateHostBuilder due to: Could not load file or assembly 'Microsoft.Extensions.Hosting.Abstractions, Version=3.1.0.0, Culture=neutral, PublicKeyToken=adb9793829ddae60' or one of its dependencies. assembly:Microsoft.Extensions.Hosting.Abstractions, Version=3.1.0.0, Culture=neutral, PublicKeyToken=adb9793829ddae60 type:<unknown type> member:(null) signature:<none>

Error: Could not load signature of Client.Program:CreateHostBuilder due to: Could not load file or assembly 'Microsoft.Extensions.Hosting.Abstractions, Version=3.1.0.0, Culture=neutral, PublicKeyToken=adb9793829ddae60' or one of its dependencies. assembly:Microsoft.Extensions.Hosting.Abstractions, Version=3.1.0.0, Culture=neutral, PublicKeyToken=adb9793829ddae60 type:<unknown type> member:(null) signature:<none>

Unloading broken assembly Assets/Scripts/Client/bin/Debug/netcoreapp3.1/Client.dll, this assembly can cause crashes in the runtime

Unloading broken assembly Assets/Scripts/Client/obj/Debug/netcoreapp3.1/Client.dll, this assembly can cause crashes in the runtime

Native extension for WindowsStandalone target not found
Refreshing native plugins compatible for Editor in 0.20 ms, found 0 plugins.
Preloading 0 native plugins for Editor in 0.00 ms.
Mono: successfully reloaded assembly
- Completed reload, in  0.909 seconds
Platform modules already initialized, skipping
========================================================================
Worker process is ready to serve import requests
Launched and connected shader compiler UnityShaderCompiler.exe after 0.05 seconds
Refreshing native plugins compatible for Editor in 0.21 ms, found 0 plugins.
Preloading 0 native plugins for Editor in 0.00 ms.
Unloading 1121 Unused Serialized files (Serialized files now loaded: 0)
System memory in use before: 57.5 MB.
System memory in use after: 57.6 MB.

Unloading 12 unused Assets to reduce memory usage. Loaded Objects now: 1561.
Total: 3.450300 ms (FindLiveObjects: 0.140800 ms CreateObjectMapping: 0.036400 ms MarkObjects: 3.180100 ms  DeleteObjects: 0.092000 ms)

========================================================================
Received Import Request.
  path: Assets/Scenes
  artifactKey: Guid(e8c2f1f428803124f9ad57ce4777ce54) Importer(815301076,1909f56bfc062723c751e8b465ee728b)
Start importing Assets/Scenes using Guid(e8c2f1f428803124f9ad57ce4777ce54) Importer(815301076,1909f56bfc062723c751e8b465ee728b)  -> (artifact id: '44df55344cf01ca21b55d22e94cc35be') in 0.008459 seconds
  Import took 0.010331 seconds .

========================================================================
Received Import Request.
  Time since last request: 0.000175 seconds.
  path: Assets/Scripts/Client
  artifactKey: Guid(d579533fe149cee4297567991dbfeec3) Importer(815301076,1909f56bfc062723c751e8b465ee728b)
Start importing Assets/Scripts/Client using Guid(d579533fe149cee4297567991dbfeec3) Importer(815301076,1909f56bfc062723c751e8b465ee728b)  -> (artifact id: '7fd24462596125efad101dd5ef57f92b') in 0.008643 seconds
  Import took 0.011353 seconds .

========================================================================
Received Import Request.
  Time since last request: 0.000165 seconds.
  path: Assets/Scripts
  artifactKey: Guid(1d692418b97991b4d88328209296ad99) Importer(815301076,1909f56bfc062723c751e8b465ee728b)
Start importing Assets/Scripts using Guid(1d692418b97991b4d88328209296ad99) Importer(815301076,1909f56bfc062723c751e8b465ee728b)  -> (artifact id: 'a55535c1b57745560de17096592012fc') in 0.009885 seconds
  Import took 0.012323 seconds .

========================================================================
Received Import Request.
  Time since last request: 34.242021 seconds.
  path: Assets/Assets
  artifactKey: Guid(5c2d5261b1286b5478f8ed9a0239bd66) Importer(815301076,1909f56bfc062723c751e8b465ee728b)
Start importing Assets/Assets using Guid(5c2d5261b1286b5478f8ed9a0239bd66) Importer(815301076,1909f56bfc062723c751e8b465ee728b)  -> (artifact id: '830727d211d9fb8837677992fa252039') in 0.013233 seconds
  Import took 0.014918 seconds .

========================================================================
Received Import Request.
  Time since last request: 0.077716 seconds.
  path: Assets/Assets/Material.004.mat
  artifactKey: Guid(83de39fa1f0fd6d48a8247e9daf9ed08) Importer(815301076,1909f56bfc062723c751e8b465ee728b)
Start importing Assets/Assets/Material.004.mat using Guid(83de39fa1f0fd6d48a8247e9daf9ed08) Importer(815301076,1909f56bfc062723c751e8b465ee728b)  -> (artifact id: '68b02b1140208e4b3e7290a214de3f9c') in 0.161359 seconds
  Import took 0.163204 seconds .

========================================================================
Received Import Request.
  Time since last request: 0.000211 seconds.
  path: Assets/Assets/Rigged Hand.fbx
  artifactKey: Guid(beb130306e2f95046ad275f20887b404) Importer(815301076,1909f56bfc062723c751e8b465ee728b)
Start importing Assets/Assets/Rigged Hand.fbx using Guid(beb130306e2f95046ad275f20887b404) Importer(815301076,1909f56bfc062723c751e8b465ee728b)  -> (artifact id: '6fbbda62be47629f98cbc26c0c7522e4') in 0.189645 seconds
  Import took 0.191894 seconds .

========================================================================
Received Import Request.
  Time since last request: 15.136621 seconds.
  path: Assets/Scripts/Client/Properties
  artifactKey: Guid(146ab93b10e21eb4b90bb31f4654b420) Importer(815301076,1909f56bfc062723c751e8b465ee728b)
Start importing Assets/Scripts/Client/Properties using Guid(146ab93b10e21eb4b90bb31f4654b420) Importer(815301076,1909f56bfc062723c751e8b465ee728b)  -> (artifact id: '24bd41ce1f22e0832309aeab988f76f2') in 0.006345 seconds
  Import took 0.008628 seconds .

========================================================================
Received Import Request.
  Time since last request: 0.000326 seconds.
  path: Assets/Scripts/Client/Properties
  artifactKey: Guid(146ab93b10e21eb4b90bb31f4654b420) Importer(815301076,1909f56bfc062723c751e8b465ee728b)
Start importing Assets/Scripts/Client/Properties using Guid(146ab93b10e21eb4b90bb31f4654b420) Importer(815301076,1909f56bfc062723c751e8b465ee728b)  -> (artifact id: '24bd41ce1f22e0832309aeab988f76f2') in 0.002464 seconds
  Import took 0.007193 seconds .

AssetImportWorkerClient::OnTransportError - code=2 error=End of file
